cscope 15 $HOME/Documents/Senz/senz.sdk.notification               0000016037
	@README.md

1 
	gFORMAT
: 1A

2 
Ho¡
: 
h‰ps
:

4 #S’z 
D©a
 
Proûss
 
S”viû


6 ***
£nz
 
d©a
 
´oûss
 
£rviû
*** 
´ovide
 
a
 
»¡ful
 
API
 :

8 - ***
Bšdšg
*** 
£nz
 
w™h
 
£v”®
 
difã»Á
 
¿w
 
d©a
.

10 - 
ªd
 ***
ExŒaùšg
*** 
behaviÜs
 
äom
 
difã»Á
 
u£rs
.

13 ## 
Bšdšg
 
S’z
 
w™h
 
£v”®
 
difã»Á
 
¿w
 
d©a
 [/
£nz
/]

14 
You
 
ÿn
 
švoke
 
this
 
m‘hod
 
to
 
bšd
 
®l
 
¿w
 
d©a
 
which
 
¬e
 
unbšd
.

15 
And
 
you
 
should
 
¥ecify
 
the
 
d©a
 
is
 
Œaššg
 
£t
 
Ü
 
nÙ
 
by
 ***
is_Œaššg
***.

17 
isT¿ššg
:

18 - 1 : 
is
 
Œaššg
 
§m¶e
.

19 - 0 : 
is
 
nÙ
 
Œaššg
 
§m¶e
.

21 ###Bšd 
£nz
 
w™h
 
¿w
 
d©a
 [
POST
]

22 + 
Reque¡
 (
­¶iÿtiÚ
/
jsÚ
)

24 + 
H—d”


26 
X
-
AVOSCloud
-
AµliÿtiÚ
-
Id
 : 
pš72ä1Ÿxb7sus6Ãwp250a4¶2n5i36032ubrck4bej81
,

27 
	gX
-
	gAVOSCloud
-
	gAµliÿtiÚ
-
	gKey
 : 
qs4o5iiywp86eznvok4tmhul360jczk7y67qj0ywbcq35iŸ
,

28 
	gX
-
	gAVOSCloud
-
	gAµliÿtiÚ
-
	gProduùiÚ
 : 1,

29 
	gCÚ‹Á
-
	gTy³
 : 
­¶iÿtiÚ
/
jsÚ
; 
	gch¬£t
=
utf
-8

31 + 
Body


34 "isT¿ššg": 1 
Ü
 0

37 + 
Re¥Ú£
 201 (
­¶iÿtiÚ
/
jsÚ
)

70 ## 
ExŒaù
 
BehaviÜ
 [/
behaviÜ
/]

71 
You
 
ÿn
 
exŒaù
 
u£r
's behavior†ist from startimeoƒndime by invokinghis method with specific ***userId***, ***startTime***, ***endTime***‡nd ***timeScale***.

73 ###ExŒaù 
BehaviÜ
 [
POST
]

74 + 
Reque¡
 (
­¶iÿtiÚ
/
jsÚ
)

77 + 
H—d”


79 
X
-
AVOSCloud
-
AµliÿtiÚ
-
Id
 : 
pš72ä1Ÿxb7sus6Ãwp250a4¶2n5i36032ubrck4bej81
,

80 
	gX
-
	gAVOSCloud
-
	gAµliÿtiÚ
-
	gKey
 : 
qs4o5iiywp86eznvok4tmhul360jczk7y67qj0ywbcq35iŸ


81 
X
-
AVOSCloud
-
AµliÿtiÚ
-
ProduùiÚ
 : 1,

82 
	gCÚ‹Á
-
	gTy³
 : 
­¶iÿtiÚ
/
jsÚ
; 
	gch¬£t
=
utf
-8

84 + 
Body


93 + 
Re¥Ú£
 201 (
­¶iÿtiÚ
/
jsÚ
)

120 ## 
AÇly£
 
Ev’t
 [/
ev’t
/]

121 
By
 
švokšg
 
this
 
š‹rçû
, 
you
 
ÿn
 
ÿlcuÏ‹
 
the
 
Ï‹£t
 
behaviÜ
 
ev’t
 
©
 
¥ecific
 
	gu£r
.

123 ###AÇly£ 
u£r
 
behaviÜs
'ƒvent [POST]

124 + 
Reque¡
 (
­¶iÿtiÚ
/
jsÚ
)

127 + 
H—d”


129 
	gX
-
	gAVOSCloud
-
	gAµliÿtiÚ
-
	gId
 : 
pš72ä1Ÿxb7sus6Ãwp250a4¶2n5i36032ubrck4bej81
,

130 
	gX
-
	gAVOSCloud
-
	gAµliÿtiÚ
-
	gKey
 : 
qs4o5iiywp86eznvok4tmhul360jczk7y67qj0ywbcq35iŸ


131 
X
-
AVOSCloud
-
AµliÿtiÚ
-
ProduùiÚ
 : 1,

132 
	gCÚ‹Á
-
	gTy³
 : 
­¶iÿtiÚ
/
jsÚ
; 
	gch¬£t
=
utf
-8

134 + 
Body


146 + 
	gRe¥Ú£
 201 (
	g­¶iÿtiÚ
/
	gjsÚ
)

	@app.js

1 
v¬
 
	gex´ess
 = 
»quœe
("express");

2 
v¬
 
	gAV
 = 
»quœe
("leanengine");

4 
v¬
 
	g·th
 = 
»quœe
("path");

5 
v¬
 
	gcook›P¬£r
 = 
»quœe
("cookie-parser");

6 
v¬
 
	gbodyP¬£r
 = 
»quœe
("body-parser");

8 
v¬
 
	gşoud
 = 
»quœe
("./cloud.js");

10 
v¬
 
	g­p
 = 
ex´ess
();

13 
	g­p
.
£t
("v›ws", 
·th
.
još
(
__dœÇme
, "views"));

14 
	g­p
.
£t
("viewƒngine", "ejs");

15 
	g­p
.
u£
(
ex´ess
.("public"));

18 
	g­p
.
u£
(
şoud
);

21 
	g­p
.
u£
(
bodyP¬£r
.
jsÚ
());

22 
	g­p
.
u£
(
bodyP¬£r
.
u¾’coded
({ 
ex‹nded
: 
çl£
 }));

23 
	g­p
.
u£
(
cook›P¬£r
());

27 
	g­p
.
u£
(
	$funùiÚ
(
»q
, 
»s
, 
Ãxt
) {

28 
v¬
 
”r
 = 
Ãw
 
	`E¼Ü
("Not Found");

29 
”r
.
¡©us
 = 404;

30 
	`Ãxt
(
”r
);

31 
	}
});

36 ià(
	g­p
.
g‘
("env") === "development") {

37 
­p
.
u£
(
funùiÚ
(
”r
, 
»q
, 
»s
, 
Ãxt
) {

38 
»s
.
¡©us
(
”r
.status || 500);

39 
»s
.
»nd”
("error", {

40 
mes§ge
: 
”r
.message,

41 
”rÜ
: 
”r


48 
	g­p
.
u£
(
	$funùiÚ
(
”r
, 
»q
, 
»s
, 
Ãxt
) {

49 
cÚsŞe
.
	`log
("It's…roductionƒnvironment");

50 
»s
.
	`¡©us
(
”r
.
¡©us
 || 500);

51 
»s
.
	`»nd”
("error", {

52 
mes§ge
: 
”r
.message,

53 
”rÜ
: {}

55 
	}
});

57 
	gmoduË
.
	gexpÜts
 = 
­p
;

	@cloud.js

1 
v¬
 
	gAV
 = 
»quœe
("leanengine");

2 
v¬
 
	gM
 = 
»quœe
("./lib/method.js");

3 
v¬
 
	gdao
 = 
»quœe
("./lib/dao.js");

4 
v¬
 
	gfb
 = 
»quœe
("./lib/fb.js");

6 
	gAV
.
	gCloud
.
defše
("nÙify_Ãw_cÚfig", 
	$funùiÚ
 (
»que¡
, 
»¥Ú£
) {

7 
v¬
 
u£r_id
 = 
»que¡
.
·¿ms
.
u£rId
,

8 
cÚfig
 = 
»que¡
.
·¿ms
.config;

10 
M
.
	`nÙifyNewCÚfig
(
u£r_id
, 
cÚfig
, 
fb
.
cÚfigu¿tiÚ_»f
).
	`th’
(

11 
	`funùiÚ
 (
msg
){

12 
»¥Ú£
.
	`sucûss
({

13 
code
: 0,

14 
mes§ge
: 
msg


17 
	`funùiÚ
 (
”rÜ
){

18 
»¥Ú£
.
	`”rÜ
({

19 
code
: 1,

20 
mes§ge
: 
”rÜ


24 
	}
});

26 
	gAV
.
	gCloud
.
defše
("nÙify_Ãw_cÚfig_b©ch", 
	$funùiÚ
 (
»que¡
, 
»¥Ú£
) {

27 
v¬
 
u£r_ids
 = 
»que¡
.
·¿ms
.
u£rIds
,

28 
cÚfigs
 = 
»que¡
.
·¿ms
.configs;

30 
M
.
	`nÙifyNewCÚfigB©ch
(
u£r_ids
, 
cÚfigs
, 
fb
.
cÚfigu¿tiÚ_»f
).
	`th’
(

31 
	`funùiÚ
 (
msg
){

32 
»¥Ú£
.
	`sucûss
({

33 
code
: 0,

34 
mes§ge
: 
msg


37 
	`funùiÚ
 (
”rÜ
){

38 
»¥Ú£
.
	`”rÜ
({

39 
code
: 1,

40 
mes§ge
: 
”rÜ


44 
	}
});

46 
	gAV
.
	gCloud
.
defše
("nÙify_®l_u£r_§me_cÚfig", 
	$funùiÚ
 (
»que¡
, 
»¥Ú£
) {

47 
v¬
 
cÚfigs
 = 
»que¡
.
·¿ms
.configs;

48 
cÚsŞe
.
	`log
("ThcÚfig cÚ‹Á is: \n" + 
JSON
.
	`¡ršgify
(
cÚfigs
));

50 
dao
.
	`g‘AÎU£rs
().
	`th’
(
	`funùiÚ
 (
®l_u£rs
){

51 
M
.
	`nÙifyNewCÚfigB©ch
(
®l_u£rs
, 
cÚfigs
, 
fb
.
cÚfigu¿tiÚ_»f
).
	`th’
(

52 
	`funùiÚ
 (
msg
){

53 
»¥Ú£
.
	`sucûss
({

54 
code
: 0,

55 
mes§ge
: 
msg


58 
	`funùiÚ
 (
”rÜ
){

59 
»¥Ú£
.
	`”rÜ
({

60 
code
: 1,

61 
mes§ge
: 
”rÜ


66 
	}
});

68 
	gAV
.
	gCloud
.
defše
("nÙify_Ãw_ouut", 
	$funùiÚ
 (
»que¡
, 
»¥Ú£
) {

69 
v¬
 
u£r_id
 = 
»que¡
.
·¿ms
.
u£rId
,

70 
ouut
 = 
»que¡
.
·¿ms
.output;

72 
M
.
	`nÙifyNewEv’ts
(
u£r_id
, 
ouut
, 
fb
.
nÙifiÿtiÚ_»f
).
	`th’
(

73 
	`funùiÚ
 (
msg
){

74 
»¥Ú£
.
	`sucûss
({

75 
code
: 0,

76 
mes§ge
: 
msg


79 
	`funùiÚ
 (
”rÜ
){

80 
»¥Ú£
.
	`”rÜ
({

81 
code
: 1,

82 
mes§ge
: 
”rÜ


86 
	}
});

88 
	gAV
.
	gCloud
.
defše
("h–lo", 
	$funùiÚ
(
»que¡
, 
»¥Ú£
){

89 
v¬
 
Çme
 = 
»que¡
.
·¿ms
.name;

90 
v¬
 
ty³
 = 
»que¡
.
·¿ms
.type;

91 
v¬
 
d‘as
 = 
»que¡
.
·¿ms
.
v®
;

93 
cÚsŞe
.
	`log
(
Çme
+
ty³
+
d‘as
);

95 
v¬
 
u£r_id
 = "555e92e6e4b06e8bb85473ce";

96 
M
.
	`nÙifyNewD‘as
(
u£r_id
, 
ty³
, 
d‘as
, 
fb
.
nÙifiÿtiÚ_»f
).
	`th’
(

97 
	`funùiÚ
(
msg
){

98 
»¥Ú£
.
	`sucûss
({

99 
code
: 0,

100 
mes§ge
: 
msg


103 
	`funùiÚ
(
”rÜ
){

104 
»¥Ú£
.
	`”rÜ
({

105 
code
: 1,

106 
mes§ge
: 
”rÜ


110 
	}
});

111 
	gmoduË
.
	gexpÜts
 = 
AV
.
Cloud
;

	@cscope.out

1 
	gcscİe
 15 
	g$HOME
/
	gDocum’ts
/
	gS’z
/
	g£nz
.
	gsdk
.
	gnÙifiÿtiÚ
 0000006918

2 @
	gREADME
.
	gmd


5 
	ggFORMAT


9 
Ho
¡

11 
h
‰
ps


14 4 #S’
z


15 
D
©
a


17 
Pro
û
ss


19 
S
”
vi
û

23 £
nz


25 
d
©
a


27 ´
o
û
ss


29 £
rvi
û

31 ´
ovide


33 
a


35 »¡
ful


37 
API


41 
B
š
d
š
g


43 £
nz


45 
w
™
h


47 £
v
”®

49 
dif
ã»Á

51 ¿
w


53 
d
©
a


57 ª
d


59 
Ex
Œ
a
ùš
g


61 
behavi
Ü
s


63 ä
om


65 
dif
ã»Á

67 
u
£
rs


71 
B
š
d
š
g


73 
S
’
z


75 
w
™
h


77 £
v
”®

79 
dif
ã»Á

81 ¿
w


83 
d
©
a


85 £
nz


89 
You


91 ÿ
n


93 š
voke


95 
this


97 
m
‘
hod


99 
to


101 
b
š
d


103 ®
l


105 ¿
w


107 
d
©
a


109 
which


111 ¬
e


113 
unb
š
d


117 
And


119 
you


121 
should


123 ¥
ecify


125 
the


127 
d
©
a


129 
is


131 Œ
a
šš
g


133 £
t


137 
n
Ù

139 
by


141 
is_
Œ
a
šš
g


145 
isT
¿šš
g


149 
is


151 Œ
a
šš
g


153 §
m
¶
e


157 
is


159 
n
Ù

161 Œ
a
šš
g


163 §
m
¶
e


166 21 ###Bš
d


167 £
nz


169 
w
™
h


171 ¿
w


173 
d
©
a


175 
POST


179 
Reque
¡

181 ­¶
i
ÿ
ti
Ú

183 
js
Ú

187 
H
—
d
”

191 
X


193 
AVOSCloud


195 
A
µ
li
ÿ
ti
Ú

197 
Id


199 
p
š72ä1Ÿ
xb7sus6
Ã
wp250a4
¶2
n5i36032ubrck4bej81


203 
	ggX


205 
	ggAVOSCloud


207 
	ggA
µ
	gli
ÿ
	gti
Ú

209 
	ggKey


211 
qs4o5iiywp86eznvok4tmhul360jczk7y67qj0ywbcq35i
Ÿ

215 
	ggX


217 
	ggAVOSCloud


219 
	ggA
µ
	gli
ÿ
	gti
Ú

221 
	ggProdu
ù
	gi
Ú

225 
	ggC
Ú‹Á

227 
	ggTy
³

229 ­¶
i
ÿ
ti
Ú

231 
js
Ú

233 
	ggch
¬£
	gt


235 
utf


239 
Body


247 
Re
¥Ú£

249 ­¶
i
ÿ
ti
Ú

251 
js
Ú

255 
Ex
Œ
a
ù

257 
Behavi
Ü

259 
behavi
Ü

263 
You


265 ÿ
n


267 
ex
Œ
a
ù

269 
u
£
r


272 73 ###ExŒ
a
ù

273 
Behavi
Ü

275 
POST


279 
Reque
¡

281 ­¶
i
ÿ
ti
Ú

283 
js
Ú

287 
H
—
d
”

291 
X


293 
AVOSCloud


295 
A
µ
li
ÿ
ti
Ú

297 
Id


299 
p
š72ä1Ÿ
xb7sus6
Ã
wp250a4
¶2
n5i36032ubrck4bej81


303 
	ggX


305 
	ggAVOSCloud


307 
	ggA
µ
	gli
ÿ
	gti
Ú

309 
	ggKey


311 
qs4o5iiywp86eznvok4tmhul360jczk7y67qj0ywbcq35i
Ÿ

315 
X


317 
AVOSCloud


319 
A
µ
li
ÿ
ti
Ú

321 
Produ
ù
i
Ú

325 
	ggC
Ú‹Á

327 
	ggTy
³

329 ­¶
i
ÿ
ti
Ú

331 
js
Ú

333 
	ggch
¬£
	gt


335 
utf


339 
Body


343 
Re
¥Ú£

345 ­¶
i
ÿ
ti
Ú

347 
js
Ú

351 
A
Ç
ly
£

353 
Ev
’
t


355 
ev
’
t


359 
By


361 š
vok
š
g


363 
this


365 š‹
r
çû

367 
	gyou


369 ÿ
	gn


371 ÿ
	glcu
Ï‹

373 
	gthe


375 Ï‹£
t


377 
	gbehavi
Ü

379 
	gev
’
	gt


383 ¥
ecific


385 
	ggu
£
	gr


388 123 ###AÇ
	gly
£

389 
	gu
£
r


391 
	gbehavi
Ü
	gs


395 
	gReque
¡

397 ­¶
	gi
ÿ
	gti
Ú

399 
	gjs
Ú

403 
	gH
—
	gd
”

407 
	ggX


409 
	ggAVOSCloud


411 
	ggA
µ
	gli
ÿ
	gti
Ú

413 
	ggId


415 
p
š72ä1Ÿ
xb7sus6
Ã
wp250a4
¶2
n5i36032ubrck4bej81


419 
	ggX


421 
	ggAVOSCloud


423 
	ggA
µ
	gli
ÿ
	gti
Ú

425 
	ggKey


427 
qs4o5iiywp86eznvok4tmhul360jczk7y67qj0ywbcq35i
Ÿ

431 
X


433 
AVOSCloud


435 
A
µ
li
ÿ
ti
Ú

437 
Produ
ù
i
Ú

441 
	ggC
Ú‹Á

443 
	ggTy
³

445 ­¶
i
ÿ
ti
Ú

447 
js
Ú

449 
	ggch
¬£
	gt


451 
utf


455 
Body


459 
gRe
¥Ú£

461 
g
­¶
i
ÿ
ti
Ú

463 
gjs
Ú

466 @
­p
.
js


469 
v
¬

471 
gex
´
ess


473 »
qu
œ
e


477 
	gv
¬

479 
	ggAV


481 »
qu
œ
e


485 
	gv
¬

487 
	gg
·
	gth


489 »
qu
œ
e


493 
	gv
¬

495 
	ggcook
›
	gP
¬£
	gr


497 »
qu
œ
e


501 
	gv
¬

503 
	ggbodyP
¬£
	gr


505 »
qu
œ
e


509 
	gv
¬

511 
	gg
ş
	goud


513 »
qu
œ
e


517 
	gv
¬

519 
	gg
­
	gp


521 
ex
´
ess


525 
	gg
­
	gp


527 £
	gt


529 ·
	gth


531 
	gjo
š

533 
	g__d
œÇ
	gme


537 
	gg
­
	gp


539 £
	gt


543 
	gg
­
	gp


545 
	gu
£

547 
	gex
´
	gess


551 
	gg
­
	gp


553 
	gu
£

555 ş
	goud


559 
	gg
­
	gp


561 
	gu
£

563 
	gbodyP
¬£
	gr


565 
	gjs
Ú

569 
	gg
­
	gp


571 
	gu
£

573 
	gbodyP
¬£
	gr


575 
	gu
¾’
	gcoded


577 
	gex
‹
	gnded


579 ç
l
£

583 
	gg
­
	gp


585 
	gu
£

587 
	gcook
›
	gP
¬£
	gr


591 
	gg
­
	gp


593 
	gu
£

595 
	g$fun
ù
	gi
Ú

597 »
	gq


599 »
	gs


601 Ã
	gxt


605 
	gv
¬

607 ”
	gr


609 Ã
w


611 `
E
¼Ü

615 ”
	gr


617 ¡©
	gus


621 `Ã
	gxt


623 ”
	gr


630 36 
	gi
à(

631 
	gg
­
	gp


633 
	gg
‘

637 ­
p


639 
u
£

641 
fun
ù
i
Ú

643 ”
r


645 »
q


647 »
s


649 Ã
xt


653 »
s


655 ¡©
us


657 ”
r


658 .
¡©us
 || 500);

661 »
	gs


663 »
	gnd
”

667 
	gmes
§
	gge


669 ”
r


670 .
mes§ge
,

673 ”
	gr
Ü

675 ”
r


679 
g
­
p


681 
u
£

683 
$fun
ù
i
Ú

685 ”
r


687 »
	gq


689 »
	gs


691 Ã
	gxt


695 
	gc
Ú
	gs
Ş
	ge


697 `
	glog


701 »
	gs


703 `¡©
	gus


705 ”
	gr


707 ¡©
	gus


711 »
	gs


713 `»
	gnd
”

717 
	gmes
§
	gge


719 ”
r


720 .
mes§ge
,

723 ”
	gr
Ü

731 
	ggmodu
Ë

733 
	ggexp
Ü
	gts


735 ­
p


738 @
	gşoud
.
	gjs


741 
	gv
¬

743 
	ggAV


745 »
qu
œ
e


749 
	gv
¬

751 
	ggM


753 »
qu
œ
e


757 
	gv
¬

759 
	ggdao


761 »
qu
œ
e


765 
	gv
¬

767 
	ggfb


769 »
qu
œ
e


773 
	ggAV


775 
	ggCloud


777 
	gdef
š
	ge


779 
	g$fun
ù
	gi
Ú

781 »
	gque
¡

787 
	gv
¬

789 
	gu
£
	gr_id


791 »
que
¡

793 ·¿
ms


795 
u
£
rId


799 
	gc
Ú
	gfig


801 »
que
¡

803 ·¿
ms


804 .
cÚfig
;

807 
	gM


809 `
	gn
Ù
	gifyNewC
Ú
	gfig


811 
	gu
£
	gr_id


813 
	gc
Ú
	gfig


815 
	gfb


817 
	gc
Ú
	gfigu
¿
	gti
Ú
	g_
»
	gf


819 `
	gth
’

823 `
	gfun
ù
	gi
Ú

825 
	gmsg


831 `
	gsuc
û
	gss


835 
	gcode


839 
	gmes
§
	gge


841 
msg


845 `
fun
ù
i
Ú

847 ”
r
Ü

853 `”
r
Ü

857 
code


861 
	gmes
§
	gge


863 ”
r
Ü

871 
	ggAV


873 
	ggCloud


875 
	gdef
š
	ge


877 
	g$fun
ù
	gi
Ú

879 »
	gque
¡

885 
	gv
¬

887 
	gu
£
	gr_ids


889 »
que
¡

891 ·¿
ms


893 
u
£
rIds


897 
	gc
Ú
	gfigs


899 »
que
¡

901 ·¿
ms


902 .
cÚfigs
;

905 
	gM


907 `
	gn
Ù
	gifyNewC
Ú
	gfigB
©
	gch


909 
	gu
£
	gr_ids


911 
	gc
Ú
	gfigs


913 
	gfb


915 
	gc
Ú
	gfigu
¿
	gti
Ú
	g_
»
	gf


917 `
	gth
’

921 `
	gfun
ù
	gi
Ú

923 
	gmsg


929 `
	gsuc
û
	gss


933 
	gcode


937 
	gmes
§
	gge


939 
msg


943 `
fun
ù
i
Ú

945 ”
r
Ü

951 `”
r
Ü

955 
code


959 
	gmes
§
	gge


961 ”
r
Ü

969 
	ggAV


971 
	ggCloud


973 
	gdef
š
	ge


975 
	g$fun
ù
	gi
Ú

977 »
	gque
¡

983 
	gv
¬

985 
	gc
Ú
	gfigs


987 »
que
¡

989 ·¿
ms


990 .
cÚfigs
;

993 
	gc
Ú
	gs
Ş
	ge


995 `
	glog


997 
	gJSON


999 `¡
	gr
š
	ggify


1001 
	gc
Ú
	gfigs


1005 
	gdao


1007 `
	gg
‘
	gA
Î
	gU
£
	grs


1009 `
	gth
’

1011 `
	gfun
ù
	gi
Ú

1013 ®
	gl_u
£
	grs


1017 
	gM


1019 `
	gn
Ù
	gifyNewC
Ú
	gfigB
©
	gch


1021 ®
	gl_u
£
	grs


1023 
	gc
Ú
	gfigs


1025 
	gfb


1027 
	gc
Ú
	gfigu
¿
	gti
Ú
	g_
»
	gf


1029 `
	gth
’

1033 `
	gfun
ù
	gi
Ú

1035 
	gmsg


1041 `
	gsuc
û
	gss


1045 
	gcode


1049 
	gmes
§
	gge


1051 
msg


1055 `
fun
ù
i
Ú

1057 ”
r
Ü

1063 `”
r
Ü

1067 
code


1071 
	gmes
§
	gge


1073 ”
r
Ü

1081 
	ggAV


1083 
	ggCloud


1085 
	gdef
š
	ge


1087 
	g$fun
ù
	gi
Ú

1089 »
	gque
¡

1095 
	gv
¬

1097 
	gu
£
	gr_id


1099 »
que
¡

1101 ·¿
ms


1103 
u
£
rId


1107 
	gou

	gut


1109 »
que
¡

1111 ·¿
ms


1112 .
ouut
;

1115 
	gM


1117 `
	gn
Ù
	gifyNewEv
’
	gts


1119 
	gu
£
	gr_id


1121 
	gou

	gut


1123 
	gfb


1125 
	gn
Ù
	gifi
ÿ
	gti
Ú
	g_
»
	gf


1127 `
	gth
’

1131 `
	gfun
ù
	gi
Ú

1133 
	gmsg


1139 `
	gsuc
û
	gss


1143 
	gcode


1147 
	gmes
§
	gge


1149 
msg


1153 `
fun
ù
i
Ú

1155 ”
r
Ü

1161 `”
r
Ü

1165 
code


1169 
	gmes
§
	gge


1171 ”
r
Ü

1179 
	ggAV


1181 
	ggCloud


1183 
	gdef
š
	ge


1185 
	g$fun
ù
	gi
Ú

1187 »
	gque
¡

1193 
	gv
¬

1195 Ç
	gme


1197 »
que
¡

1199 ·¿
ms


1200 .
Çme
;

1203 
	gv
¬

1205 
	gty
³

1207 »
que
¡

1209 ·¿
ms


1210 .
ty³
;

1213 
	gv
¬

1215 
	gd
‘
	ga

	gs


1217 »
que
¡

1219 ·¿
ms


1221 
v
®

1225 
	gc
Ú
	gs
Ş
	ge


1227 `
	glog


1229 Ç
	gme


1231 
	gty
³

1233 
	gd
‘
	ga

	gs


1237 
	gv
¬

1239 
	gu
£
	gr_id


1243 
	gM


1245 `
	gn
Ù
	gifyNewD
‘
	ga

	gs


1247 
	gu
£
	gr_id


1249 
	gty
³

1251 
	gd
‘
	ga

	gs


1253 
	gfb


1255 
	gn
Ù
	gifi
ÿ
	gti
Ú
	g_
»
	gf


1257 `
	gth
’

1261 `
	gfun
ù
	gi
Ú

1263 
	gmsg


1269 `
	gsuc
û
	gss


1273 
	gcode


1277 
	gmes
§
	gge


1279 
msg


1283 `
fun
ù
i
Ú

1285 ”
r
Ü

1291 `”
r
Ü

1295 
code


1299 
	gmes
§
	gge


1301 ”
r
Ü

1309 
	ggmodu
Ë

1311 
	ggexp
Ü
	gts


1313 
AV


1315 
Cloud


1318 @
	g·ckage
.
	gjsÚ


1320 @
	g£rv”
.
	gjs


1323 
	gv
¬

1325 
	ggAV


1327 »
qu
œ
e


1331 
	gv
¬

1333 
	ggAPP_ID


1335 ´
o
û
ss


1337 ’
v


1339 
LC_APP_ID


1343 
	gv
¬

1345 
	ggAPP_KEY


1347 ´
o
û
ss


1349 ’
v


1351 
LC_APP_KEY


1355 
	gv
¬

1357 
	ggMASTER_KEY


1359 ´
o
û
ss


1361 ’
v


1363 
LC_APP_MASTER_KEY


1367 
	gg
´
	go
û
	gss


1369 
	gg
’
	gv


1371 
	ggAPP_ENV


1375 
	ggAV


1377 š™Ÿ
	glize


1379 
	gAPP_ID


1381 
	gAPP_KEY


1383 
	gMASTER_KEY


1387 
	gv
¬

1389 
	gg
­
	gp


1391 »
qu
œ
e


1395 
	gv
¬

1397 
	ggPORT


1399 ·
r
£
I
Á

1401 ´
o
û
ss


1403 ’
v


1405 
LC_APP_PORT


1409 
	gv
¬

1411 
	gg
£
	grv
”

1413 ­
p


1415 
li
¡’

1417 
PORT


1419 
	g$fun
ù
	gi
Ú

1423 
	gc
Ú
	gs
Ş
	ge


1425 `
	glog


1427 
	gPORT


1434 @
	g¡¬t
.
	gsh


1437 
	gexp
Ü
t


1439 
	ggLC_APP_ID


1443 
exp
Ü
t


1445 
LC_APP_KEY


1449 
exp
Ü
t


1451 
LC_APP_MASTER_KEY


1455 
exp
Ü
t


1457 
LC_APP_PORT


1461 
exp
Ü
t


1463 
APP_ENV


1467 Å
m


1469 ¡¬
t


1476 /
u¤
/
šşude


1479 
README
.
md


1480 
­p
.
js


1481 
şoud
.
js


1482 
·ckage
.
jsÚ


1483 
£rv”
.
js


1484 
¡¬t
.
sh


	@package.json

	@server.js

1 
v¬
 
	gAV
 = 
»quœe
("leanengine");

4 
v¬
 
	gAPP_ID
 = 
´oûss
.
’v
.
LC_APP_ID
;

5 
v¬
 
	gAPP_KEY
 = 
´oûss
.
’v
.
LC_APP_KEY
;

6 
v¬
 
	gMASTER_KEY
 = 
´oûss
.
’v
.
LC_APP_MASTER_KEY
;

9 
	g´oûss
.
	g’v
.
	gAPP_ENV
 = "prod";

11 
	gAV
.
š™Ÿlize
(
APP_ID
, 
APP_KEY
, 
MASTER_KEY
);

13 
v¬
 
	g­p
 = 
»quœe
("./app");

17 
v¬
 
	gPORT
 = 
·r£IÁ
(
´oûss
.
’v
.
LC_APP_PORT
 || 3000);

18 
v¬
 
	g£rv”
 = 
­p
.
li¡’
(
PORT
, 
	$funùiÚ
 () {

19 
cÚsŞe
.
	`log
("Nod­°i ruÂšg,…Üt:", 
PORT
);

20 
	}
});

	@start.sh

1 
expÜt
 
	gLC_APP_ID
="wsbz6p3ouef94ubvsdqk2jfty769wkyed3qsry5hebi2va2h"

2 
expÜt
 
LC_APP_KEY
="6z6n0w3dopxmt32oi2eam2dt0orh8rxnqc8lgpf2hqnar4tr"

3 
expÜt
 
LC_APP_MASTER_KEY
="ukptm7yckuf1gz07ki2ppo25hz64mw3qc4d3bxvzxqctcqe9"

4 
expÜt
 
LC_APP_PORT
=3000

5 
expÜt
 
APP_ENV
="prod"

6 
Åm
 
¡¬t


	@
1
.
1
/usr/include
7
69
README.md
app.js
cloud.js
cscope.out
package.json
server.js
start.sh
